2023-07-07 17:40:39.928 - DBeaver 23.1.1.202306251800 is starting
2023-07-07 17:40:39.929 - OS: Windows 10 10.0 (amd64)
2023-07-07 17:40:39.929 - Java version: 17.0.6 by Eclipse Adoptium (64bit)
2023-07-07 17:40:39.929 - Install path: 'D:\web_1400_lwj\dbms\oracle\resource\dbeaver-ce-23.1.1-win32.win32.x86_64\dbeaver'
2023-07-07 17:40:39.929 - Instance path: 'file:/D:/web_1400_lwj/dbms/oracle/workspace/'
2023-07-07 17:40:39.929 - Memory available 64Mb/1024Mb
2023-07-07 17:40:39.940 - Create display
2023-07-07 17:40:40.047 - Initializing DBeaver 23.1.1
2023-07-07 17:40:40.048 - Host plugin: org.jkiss.dbeaver.ui.app.standalone 23.1.1.202306251800
2023-07-07 17:40:40.048 - Initialize desktop platform...
2023-07-07 17:40:40.190 - BounceCastle bundle found. Use JCE provider BC
> Start Core File Systems [org.eclipse.core.filesystem 1.10.0.v20230425-0513]
> Start Core Resource Management [org.eclipse.core.resources 3.19.0.v20230510-1240]
> Start Team Support Core [org.eclipse.team.core 3.10.0.v20230317-0901]
> Start DBeaver UI Navigator [org.jkiss.dbeaver.ui.navigator 1.0.108.202306251800]
2023-07-07 17:40:40.459 - Initialize base platform...
2023-07-07 17:40:40.487 - Platform initialized (439ms)
> Start DBeaver UI Editors - Base [org.jkiss.dbeaver.ui.editors.base 1.0.108.202306251800]
2023-07-07 17:40:40.500 - Starting RMI server at 54689
2023-07-07 17:40:40.552 - Run workbench
> Start DBeaver UI [org.jkiss.dbeaver.ui 5.1.123.202306251800]
> Start Eclipse e4 Workbench SWT [org.eclipse.e4.ui.workbench.swt 0.17.0.v20230501-1823]
> Start Eclipse Application Services [org.eclipse.e4.core.services 2.4.0.v20230429-1914]
> Start Eclipse UI Application Services [org.eclipse.e4.ui.services 1.6.0.v20230501-1823]
> Start Eclipse e4 Progress View [org.eclipse.e4.ui.progress 0.4.0.v20230501-1823]
> Start Eclipse Bindings Support [org.eclipse.e4.ui.bindings 0.14.0.v20230501-1823]
> Start Eclipse e4 core commands [org.eclipse.e4.core.commands 1.1.0.v20230501-1823]
> Start EMF XML/XMI Persistence [org.eclipse.emf.ecore.xmi 2.18.0.v20230211-1150]
> Start Eclipse CSS SWT Theme Support [org.eclipse.e4.ui.css.swt.theme 0.14.0.v20230501-1533]
> Start Eclipse e4 Workbench Add-ons [org.eclipse.e4.ui.workbench.addons.swt 1.5.0.v20230501-1823]
> Start Eclipse e4 Workbench SWT Renderer [org.eclipse.e4.ui.workbench.renderers.swt 0.16.0.v20230525-0648]
> Start Eclipse Dependency Injection Extensions [org.eclipse.e4.core.di.extensions 0.18.0.v20230429-1914]
> Start Eclipse CSS SWT Support [org.eclipse.e4.ui.css.swt 0.15.0.v20230317-0802]
2023-07-07 17:40:45.015 - Configure workbench window
> Start DBeaver SQL Model [org.jkiss.dbeaver.model.sql 1.0.98.202306251800]
2023-07-07 17:40:45.116 - Total database drivers: 104 (104)
> Start Help System Core [org.eclipse.help 3.10.0.v20230317-0802]
2023-07-07 17:40:45.169 - Create actions
2023-07-07 17:40:45.172 - Disable Eclipse action set 'org.eclipse.ui.edit.text.actionSet.annotationNavigation'
2023-07-07 17:40:45.173 - Disable Eclipse action set 'org.eclipse.ui.WorkingSetActionSet'
2023-07-07 17:40:45.173 - Disable Eclipse action set 'org.eclipse.ui.actionSet.openFiles'
2023-07-07 17:40:45.475 - Initialize workbench window
2023-07-07 17:40:45.479 - Finish initialization
> Start Default Text Editor [org.eclipse.ui.editors 3.16.0.v20230329-1609]
> Start Text Editor Framework [org.eclipse.ui.workbench.texteditor 3.17.0.v20230316-1200]
> Start DBeaver UI Editors - Data [org.jkiss.dbeaver.ui.editors.data 1.0.108.202306251800]
Warning: NLS unused message: actions_navigator__objects in: org.jkiss.dbeaver.ui.editors.sql.internal.SQLEditorMessages
> Start DBeaver UI Editors - SQL [org.jkiss.dbeaver.ui.editors.sql 1.0.108.202306251800]
> Start DBeaver SQL Terminal [org.jkiss.dbeaver.ui.editors.sql.terminal 1.0.84.202306251800]
> Start Core Compare Support [org.eclipse.compare.core 3.8.0.v20230517-1315]
> Start Console [org.eclipse.ui.console 3.12.0.v20230317-0802]
> Start Debug Core [org.eclipse.debug.core 3.21.0.v20230508-1538]
> Start Equinox Java Authentication and Authorization Service (JAAS) [org.eclipse.equinox.security 1.3.1000.v20220801-1135]
> Start jna [com.sun.jna 5.13.0]
> Start Internet Connection Management UI [org.eclipse.ui.net 1.5.0.v20230317-0901]
> Start Internet Connection Management [org.eclipse.core.net 1.5.0.v20230317-0901]
> Start DBeaver Sample Database [org.jkiss.dbeaver.ext.sample.database 1.0.145.202306251800]
> Start DBeaver Tip of the day [org.jkiss.dbeaver.ext.ui.tipoftheday 1.0.114.202306251800]
> Start GEF Classic Draw2d [org.eclipse.draw2d 3.13.0.202306071707]
> Start GEF Classic GEF (MVC) [org.eclipse.gef 3.14.0.202306071707]
> Start DBeaver ERD UI [org.jkiss.dbeaver.erd.ui 3.0.68.202306251800]
> Start DBeaver ERD Model [org.jkiss.dbeaver.erd.model 1.0.68.202306251800]
2023-07-07 17:40:47.382 - Connect with 'localhost' (oracle_thin-1892a0dd260-4a3fd11b58e1ab2d)
> Start Bundle-Name [org.jkiss.dbeaver.model.jdbc 1.0.1.202306251800]
> Start DBeaver Oracle Support [org.jkiss.dbeaver.ext.oracle 2.1.193.202306251800]
2023-07-07 17:40:47.413 - Execution context opened (localhost; Main; 0)
2023-07-07 17:40:47.647 - Execution context opened (localhost; Metadata; 1)
2023-07-07 17:40:47.704 - Connected (oracle_thin-1892a0dd260-4a3fd11b58e1ab2d, Oracle JDBC driver [11.2.0.2.0])
2023-07-07 17:40:47.706 - Execution context opened (localhost; SQLEditor <Script.sql>; 2)
2023-07-07 17:40:49.975 - Open [https://dbeaver.io/product/version.xml]
> Start DBeaver Tasks - Native Tools UI [org.jkiss.dbeaver.tasks.native.ui 1.0.86.202306251800]
> Start DBeaver Oracle UI [org.jkiss.dbeaver.ext.oracle.ui 1.0.95.202306251800]
> Start DBeaver Tasks - General UI [org.jkiss.dbeaver.tasks.ui 1.0.86.202306251800]
2023-07-07 17:42:58.751 - Transaction log is not available.
Connect to a database.
> Start DBeaver UI Editors - Connections [org.jkiss.dbeaver.ui.editors.connection 1.0.99.202306251800]
2023-07-07 17:43:03.116 - Unrecognized Oracle client version at D:/web_1400_lwj/dbms/oracle/resource/dbeaver-ce-23.1.1-win32.win32.x86_64/dbeaver/jre
2023-07-07 17:43:03.206 - Auth model 'native' was replaced by 'oracle_native'
2023-07-07 17:43:03.216 - Service 'org.jkiss.dbeaver.runtime.ui.UIServiceSecurity' not found
> Start DBeaver SQL Language Semantic Model [org.jkiss.dbeaver.model.lsm 1.0.3.202306251800]
2023-07-07 17:43:18.117 - Connect with 'localhost' (oracle_thin-1892f84da49-7172a8b6456ce795)
2023-07-07 17:43:18.117 - Execution context opened (localhost; Main; 3)
2023-07-07 17:43:18.129 - Execution context opened (localhost; Metadata; 4)
2023-07-07 17:43:18.143 - Connected (oracle_thin-1892f84da49-7172a8b6456ce795, Oracle JDBC driver [11.2.0.2.0])
2023-07-07 17:43:18.149 - Execution context opened (localhost; SQLEditor <Script.sql>; 5)
2023-07-07 17:59:53.719 - Execution context closed (localhost, 2)
2023-07-07 17:59:53.751 - Execution context closed (localhost, 5)
2023-07-07 17:59:54.610 - DBeaver is stopping
2023-07-07 17:59:54.611 - Stop RMI server
2023-07-07 17:59:54.611 - RMI controller has been stopped
2023-07-07 17:59:54.611 - DBeaver shutdown completed
